============================= test session starts =============================
platform win32 -- Python 3.13.7, pytest-9.0.2, pluggy-1.6.0
rootdir: C:\Users\ADMIN\Documents\162-finalproj\doc_recon
configfile: pyproject.toml
collected 75 items

tests\test_end2end.py ............                                       [ 16%]
tests\test_layout.py ..................                                  [ 40%]
tests\test_ocr_math.py ....F.F.........F                                 [ 62%]
tests\test_ocr_text.py ............                                      [ 78%]
tests\test_preprocessing.py ...F............                             [100%]

============================== warnings summary ===============================
tests/test_end2end.py::TestEndToEnd::test_full_pipeline
tests/test_end2end.py::TestEndToEnd::test_json_output_format
tests/test_end2end.py::TestEndToEnd::test_confidence_threshold
tests/test_end2end.py::TestEndToEnd::test_text_block_confidence_mvp
tests/test_end2end.py::TestEndToEnd::test_markdown_generation
tests/test_end2end.py::TestEndToEnd::test_metrics_calculation
tests/test_end2end.py::TestEndToEnd::test_export_formats
tests/test_end2end.py::TestMultiPageDocument::test_multi_page_processing
tests/test_end2end.py::TestEdgeCases::test_noisy_image
  C:\Users\ADMIN\Documents\162-finalproj\doc_recon\.venv\Lib\site-packages\easyocr\detection.py:81: DeprecationWarning: torch.ao.quantization is deprecated and will be removed in 2.10. 
  For migrations of users: 
  1. Eager mode quantization (torch.ao.quantization.quantize, torch.ao.quantization.quantize_dynamic), please migrate to use torchao eager mode quantize_ API instead 
  2. FX graph mode quantization (torch.ao.quantization.quantize_fx.prepare_fx,torch.ao.quantization.quantize_fx.convert_fx, please migrate to use torchao pt2e quantization API instead (prepare_pt2e, convert_pt2e) 
  3. pt2e quantization has been migrated to torchao (https://github.com/pytorch/ao/tree/main/torchao/quantization/pt2e) 
  see https://github.com/pytorch/ao/issues/2259 for more details
    torch.quantization.quantize_dynamic(net, dtype=torch.qint8, inplace=True)

tests/test_end2end.py: 18 warnings
  C:\Users\ADMIN\Documents\162-finalproj\doc_recon\.venv\Lib\site-packages\torch\ao\quantization\quantize.py:566: DeprecationWarning: torch.ao.quantization is deprecated and will be removed in 2.10. 
  For migrations of users: 
  1. Eager mode quantization (torch.ao.quantization.quantize, torch.ao.quantization.quantize_dynamic), please migrate to use torchao eager mode quantize_ API instead 
  2. FX graph mode quantization (torch.ao.quantization.quantize_fx.prepare_fx,torch.ao.quantization.quantize_fx.convert_fx, please migrate to use torchao pt2e quantization API instead (prepare_pt2e, convert_pt2e) 
  3. pt2e quantization has been migrated to torchao (https://github.com/pytorch/ao/tree/main/torchao/quantization/pt2e) 
  see https://github.com/pytorch/ao/issues/2259 for more details
    convert(model, mapping, inplace=True)

tests/test_end2end.py::TestEndToEnd::test_full_pipeline
tests/test_end2end.py::TestEndToEnd::test_json_output_format
tests/test_end2end.py::TestEndToEnd::test_confidence_threshold
tests/test_end2end.py::TestEndToEnd::test_text_block_confidence_mvp
tests/test_end2end.py::TestEndToEnd::test_markdown_generation
tests/test_end2end.py::TestEndToEnd::test_metrics_calculation
tests/test_end2end.py::TestEndToEnd::test_export_formats
tests/test_end2end.py::TestMultiPageDocument::test_multi_page_processing
tests/test_end2end.py::TestEdgeCases::test_noisy_image
  C:\Users\ADMIN\Documents\162-finalproj\doc_recon\.venv\Lib\site-packages\easyocr\recognition.py:177: DeprecationWarning: torch.ao.quantization is deprecated and will be removed in 2.10. 
  For migrations of users: 
  1. Eager mode quantization (torch.ao.quantization.quantize, torch.ao.quantization.quantize_dynamic), please migrate to use torchao eager mode quantize_ API instead 
  2. FX graph mode quantization (torch.ao.quantization.quantize_fx.prepare_fx,torch.ao.quantization.quantize_fx.convert_fx, please migrate to use torchao pt2e quantization API instead (prepare_pt2e, convert_pt2e) 
  3. pt2e quantization has been migrated to torchao (https://github.com/pytorch/ao/tree/main/torchao/quantization/pt2e) 
  see https://github.com/pytorch/ao/issues/2259 for more details
    torch.quantization.quantize_dynamic(model, dtype=torch.qint8, inplace=True)

tests/test_end2end.py::TestEndToEnd::test_full_pipeline
tests/test_end2end.py::TestEndToEnd::test_json_output_format
tests/test_end2end.py::TestEndToEnd::test_confidence_threshold
tests/test_end2end.py::TestEndToEnd::test_text_block_confidence_mvp
tests/test_end2end.py::TestEndToEnd::test_markdown_generation
tests/test_end2end.py::TestEndToEnd::test_metrics_calculation
tests/test_end2end.py::TestEndToEnd::test_export_formats
  C:\Users\ADMIN\Documents\162-finalproj\doc_recon\.venv\Lib\site-packages\torch\serialization.py:1663: DeprecationWarning: Python 3.14 will, by default, filter extracted tar archives and reject files or modify their metadata. Use the filter argument to control this behavior.
    tar.extract("storages", path=tmpdir)

tests/test_end2end.py::TestEndToEnd::test_full_pipeline
tests/test_end2end.py::TestEndToEnd::test_json_output_format
tests/test_end2end.py::TestEndToEnd::test_confidence_threshold
tests/test_end2end.py::TestEndToEnd::test_text_block_confidence_mvp
tests/test_end2end.py::TestEndToEnd::test_markdown_generation
tests/test_end2end.py::TestEndToEnd::test_metrics_calculation
tests/test_end2end.py::TestEndToEnd::test_export_formats
  C:\Users\ADMIN\Documents\162-finalproj\doc_recon\.venv\Lib\site-packages\torch\serialization.py:1695: DeprecationWarning: Python 3.14 will, by default, filter extracted tar archives and reject files or modify their metadata. Use the filter argument to control this behavior.
    tar.extract("tensors", path=tmpdir)

tests/test_end2end.py::TestEndToEnd::test_full_pipeline
tests/test_end2end.py::TestEndToEnd::test_json_output_format
tests/test_end2end.py::TestEndToEnd::test_confidence_threshold
tests/test_end2end.py::TestEndToEnd::test_text_block_confidence_mvp
tests/test_end2end.py::TestEndToEnd::test_markdown_generation
tests/test_end2end.py::TestEndToEnd::test_metrics_calculation
tests/test_end2end.py::TestEndToEnd::test_export_formats
  C:\Users\ADMIN\Documents\162-finalproj\doc_recon\.venv\Lib\site-packages\torch\nn\modules\module.py:2446: UserWarning: for conv1.weight: copying from a non-meta parameter in the checkpoint to a meta parameter in the current model, which is a no-op. (Did you mean to pass `assign=True` to assign items in the state dictionary to their corresponding key in the module instead of copying them in place?)
    warnings.warn(

tests/test_end2end.py::TestEndToEnd::test_full_pipeline
tests/test_end2end.py::TestEndToEnd::test_json_output_format
tests/test_end2end.py::TestEndToEnd::test_confidence_threshold
tests/test_end2end.py::TestEndToEnd::test_text_block_confidence_mvp
tests/test_end2end.py::TestEndToEnd::test_markdown_generation
tests/test_end2end.py::TestEndToEnd::test_metrics_calculation
tests/test_end2end.py::TestEndToEnd::test_export_formats
  C:\Users\ADMIN\Documents\162-finalproj\doc_recon\.venv\Lib\site-packages\torch\nn\modules\module.py:2446: UserWarning: for bn1.weight: copying from a non-meta parameter in the checkpoint to a meta parameter in the current model, which is a no-op. (Did you mean to pass `assign=True` to assign items in the state dictionary to their corresponding key in the module instead of copying them in place?)
    warnings.warn(

tests/test_end2end.py::TestEndToEnd::test_full_pipeline
tests/test_end2end.py::TestEndToEnd::test_json_output_format
tests/test_end2end.py::TestEndToEnd::test_confidence_threshold
tests/test_end2end.py::TestEndToEnd::test_text_block_confidence_mvp
tests/test_end2end.py::TestEndToEnd::test_markdown_generation
tests/test_end2end.py::TestEndToEnd::test_metrics_calculation
tests/test_end2end.py::TestEndToEnd::test_export_formats
  C:\Users\ADMIN\Documents\162-finalproj\doc_recon\.venv\Lib\site-packages\torch\nn\modules\module.py:2446: UserWarning: for bn1.bias: copying from a non-meta parameter in the checkpoint to a meta parameter in the current model, which is a no-op. (Did you mean to pass `assign=True` to assign items in the state dictionary to their corresponding key in the module instead of copying them in place?)
    warnings.warn(

tests/test_end2end.py::TestEndToEnd::test_full_pipeline
tests/test_end2end.py::TestEndToEnd::test_json_output_format
tests/test_end2end.py::TestEndToEnd::test_confidence_threshold
tests/test_end2end.py::TestEndToEnd::test_text_block_confidence_mvp
tests/test_end2end.py::TestEndToEnd::test_markdown_generation
tests/test_end2end.py::TestEndToEnd::test_metrics_calculation
tests/test_end2end.py::TestEndToEnd::test_export_formats
  C:\Users\ADMIN\Documents\162-finalproj\doc_recon\.venv\Lib\site-packages\torch\nn\modules\module.py:2446: UserWarning: for layer1.0.conv1.weight: copying from a non-meta parameter in the checkpoint to a meta parameter in the current model, which is a no-op. (Did you mean to pass `assign=True` to assign items in the state dictionary to their corresponding key in the module instead of copying them in place?)
    warnings.warn(

tests/test_end2end.py::TestEndToEnd::test_full_pipeline
tests/test_end2end.py::TestEndToEnd::test_json_output_format
tests/test_end2end.py::TestEndToEnd::test_confidence_threshold
tests/test_end2end.py::TestEndToEnd::test_text_block_confidence_mvp
tests/test_end2end.py::TestEndToEnd::test_markdown_generation
tests/test_end2end.py::TestEndToEnd::test_metrics_calculation
tests/test_end2end.py::TestEndToEnd::test_export_formats
  C:\Users\ADMIN\Documents\162-finalproj\doc_recon\.venv\Lib\site-packages\torch\nn\modules\module.py:2446: UserWarning: for layer1.0.bn1.weight: copying from a non-meta parameter in the checkpoint to a meta parameter in the current model, which is a no-op. (Did you mean to pass `assign=True` to assign items in the state dictionary to their corresponding key in the module instead of copying them in place?)
    warnings.warn(

tests/test_end2end.py::TestEndToEnd::test_full_pipeline
tests/test_end2end.py::TestEndToEnd::test_json_output_format
tests/test_end2end.py::TestEndToEnd::test_confidence_threshold
tests/test_end2end.py::TestEndToEnd::test_text_block_confidence_mvp
tests/test_end2end.py::TestEndToEnd::test_markdown_generation
tests/test_end2end.py::TestEndToEnd::test_metrics_calculation
tests/test_end2end.py::TestEndToEnd::test_export_formats
  C:\Users\ADMIN\Documents\162-finalproj\doc_recon\.venv\Lib\site-packages\torch\nn\modules\module.py:2446: UserWarning: for layer1.0.bn1.bias: copying from a non-meta parameter in the checkpoint to a meta parameter in the current model, which is a no-op. (Did you mean to pass `assign=True` to assign items in the state dictionary to their corresponding key in the module instead of copying them in place?)
    warnings.warn(

tests/test_end2end.py::TestEndToEnd::test_full_pipeline
tests/test_end2end.py::TestEndToEnd::test_json_output_format
tests/test_end2end.py::TestEndToEnd::test_confidence_threshold
tests/test_end2end.py::TestEndToEnd::test_text_block_confidence_mvp
tests/test_end2end.py::TestEndToEnd::test_markdown_generation
tests/test_end2end.py::TestEndToEnd::test_metrics_calculation
tests/test_end2end.py::TestEndToEnd::test_export_formats
  C:\Users\ADMIN\Documents\162-finalproj\doc_recon\.venv\Lib\site-packages\torch\nn\modules\module.py:2446: UserWarning: for layer1.0.conv2.weight: copying from a non-meta parameter in the checkpoint to a meta parameter in the current model, which is a no-op. (Did you mean to pass `assign=True` to assign items in the state dictionary to their corresponding key in the module instead of copying them in place?)
    warnings.warn(

tests/test_end2end.py::TestEndToEnd::test_full_pipeline
tests/test_end2end.py::TestEndToEnd::test_json_output_format
tests/test_end2end.py::TestEndToEnd::test_confidence_threshold
tests/test_end2end.py::TestEndToEnd::test_text_block_confidence_mvp
tests/test_end2end.py::TestEndToEnd::test_markdown_generation
tests/test_end2end.py::TestEndToEnd::test_metrics_calculation
tests/test_end2end.py::TestEndToEnd::test_export_formats
  C:\Users\ADMIN\Documents\162-finalproj\doc_recon\.venv\Lib\site-packages\torch\nn\modules\module.py:2446: UserWarning: for layer1.0.bn2.weight: copying from a non-meta parameter in the checkpoint to a meta parameter in the current model, which is a no-op. (Did you mean to pass `assign=True` to assign items in the state dictionary to their corresponding key in the module instead of copying them in place?)
    warnings.warn(

tests/test_end2end.py::TestEndToEnd::test_full_pipeline
tests/test_end2end.py::TestEndToEnd::test_json_output_format
tests/test_end2end.py::TestEndToEnd::test_confidence_threshold
tests/test_end2end.py::TestEndToEnd::test_text_block_confidence_mvp
tests/test_end2end.py::TestEndToEnd::test_markdown_generation
tests/test_end2end.py::TestEndToEnd::test_metrics_calculation
tests/test_end2end.py::TestEndToEnd::test_export_formats
  C:\Users\ADMIN\Documents\162-finalproj\doc_recon\.venv\Lib\site-packages\torch\nn\modules\module.py:2446: UserWarning: for layer1.0.bn2.bias: copying from a non-meta parameter in the checkpoint to a meta parameter in the current model, which is a no-op. (Did you mean to pass `assign=True` to assign items in the state dictionary to their corresponding key in the module instead of copying them in place?)
    warnings.warn(

tests/test_end2end.py::TestEndToEnd::test_full_pipeline
tests/test_end2end.py::TestEndToEnd::test_json_output_format
tests/test_end2end.py::TestEndToEnd::test_confidence_threshold
tests/test_end2end.py::TestEndToEnd::test_text_block_confidence_mvp
tests/test_end2end.py::TestEndToEnd::test_markdown_generation
tests/test_end2end.py::TestEndToEnd::test_metrics_calculation
tests/test_end2end.py::TestEndToEnd::test_export_formats
  C:\Users\ADMIN\Documents\162-finalproj\doc_recon\.venv\Lib\site-packages\torch\nn\modules\module.py:2446: UserWarning: for layer1.1.conv1.weight: copying from a non-meta parameter in the checkpoint to a meta parameter in the current model, which is a no-op. (Did you mean to pass `assign=True` to assign items in the state dictionary to their corresponding key in the module instead of copying them in place?)
    warnings.warn(

tests/test_end2end.py::TestEndToEnd::test_full_pipeline
tests/test_end2end.py::TestEndToEnd::test_json_output_format
tests/test_end2end.py::TestEndToEnd::test_confidence_threshold
tests/test_end2end.py::TestEndToEnd::test_text_block_confidence_mvp
tests/test_end2end.py::TestEndToEnd::test_markdown_generation
tests/test_end2end.py::TestEndToEnd::test_metrics_calculation
tests/test_end2end.py::TestEndToEnd::test_export_formats
  C:\Users\ADMIN\Documents\162-finalproj\doc_recon\.venv\Lib\site-packages\torch\nn\modules\module.py:2446: UserWarning: for layer1.1.bn1.weight: copying from a non-meta parameter in the checkpoint to a meta parameter in the current model, which is a no-op. (Did you mean to pass `assign=True` to assign items in the state dictionary to their corresponding key in the module instead of copying them in place?)
    warnings.warn(

tests/test_end2end.py::TestEndToEnd::test_full_pipeline
tests/test_end2end.py::TestEndToEnd::test_json_output_format
tests/test_end2end.py::TestEndToEnd::test_confidence_threshold
tests/test_end2end.py::TestEndToEnd::test_text_block_confidence_mvp
tests/test_end2end.py::TestEndToEnd::test_markdown_generation
tests/test_end2end.py::TestEndToEnd::test_metrics_calculation
tests/test_end2end.py::TestEndToEnd::test_export_formats
  C:\Users\ADMIN\Documents\162-finalproj\doc_recon\.venv\Lib\site-packages\torch\nn\modules\module.py:2446: UserWarning: for layer1.1.bn1.bias: copying from a non-meta parameter in the checkpoint to a meta parameter in the current model, which is a no-op. (Did you mean to pass `assign=True` to assign items in the state dictionary to their corresponding key in the module instead of copying them in place?)
    warnings.warn(

tests/test_end2end.py::TestEndToEnd::test_full_pipeline
tests/test_end2end.py::TestEndToEnd::test_json_output_format
tests/test_end2end.py::TestEndToEnd::test_confidence_threshold
tests/test_end2end.py::TestEndToEnd::test_text_block_confidence_mvp
tests/test_end2end.py::TestEndToEnd::test_markdown_generation
tests/test_end2end.py::TestEndToEnd::test_metrics_calculation
tests/test_end2end.py::TestEndToEnd::test_export_formats
  C:\Users\ADMIN\Documents\162-finalproj\doc_recon\.venv\Lib\site-packages\torch\nn\modules\module.py:2446: UserWarning: for layer1.1.conv2.weight: copying from a non-meta parameter in the checkpoint to a meta parameter in the current model, which is a no-op. (Did you mean to pass `assign=True` to assign items in the state dictionary to their corresponding key in the module instead of copying them in place?)
    warnings.warn(

tests/test_end2end.py::TestEndToEnd::test_full_pipeline
tests/test_end2end.py::TestEndToEnd::test_json_output_format
tests/test_end2end.py::TestEndToEnd::test_confidence_threshold
tests/test_end2end.py::TestEndToEnd::test_text_block_confidence_mvp
tests/test_end2end.py::TestEndToEnd::test_markdown_generation
tests/test_end2end.py::TestEndToEnd::test_metrics_calculation
tests/test_end2end.py::TestEndToEnd::test_export_formats
  C:\Users\ADMIN\Documents\162-finalproj\doc_recon\.venv\Lib\site-packages\torch\nn\modules\module.py:2446: UserWarning: for layer1.1.bn2.weight: copying from a non-meta parameter in the checkpoint to a meta parameter in the current model, which is a no-op. (Did you mean to pass `assign=True` to assign items in the state dictionary to their corresponding key in the module instead of copying them in place?)
    warnings.warn(

tests/test_end2end.py::TestEndToEnd::test_full_pipeline
tests/test_end2end.py::TestEndToEnd::test_json_output_format
tests/test_end2end.py::TestEndToEnd::test_confidence_threshold
tests/test_end2end.py::TestEndToEnd::test_text_block_confidence_mvp
tests/test_end2end.py::TestEndToEnd::test_markdown_generation
tests/test_end2end.py::TestEndToEnd::test_metrics_calculation
tests/test_end2end.py::TestEndToEnd::test_export_formats
  C:\Users\ADMIN\Documents\162-finalproj\doc_recon\.venv\Lib\site-packages\torch\nn\modules\module.py:2446: UserWarning: for layer1.1.bn2.bias: copying from a non-meta parameter in the checkpoint to a meta parameter in the current model, which is a no-op. (Did you mean to pass `assign=True` to assign items in the state dictionary to their corresponding key in the module instead of copying them in place?)
    warnings.warn(

tests/test_end2end.py::TestEndToEnd::test_full_pipeline
tests/test_end2end.py::TestEndToEnd::test_json_output_format
tests/test_end2end.py::TestEndToEnd::test_confidence_threshold
tests/test_end2end.py::TestEndToEnd::test_text_block_confidence_mvp
tests/test_end2end.py::TestEndToEnd::test_markdown_generation
tests/test_end2end.py::TestEndToEnd::test_metrics_calculation
tests/test_end2end.py::TestEndToEnd::test_export_formats
  C:\Users\ADMIN\Documents\162-finalproj\doc_recon\.venv\Lib\site-packages\torch\nn\modules\module.py:2446: UserWarning: for layer2.0.conv1.weight: copying from a non-meta parameter in the checkpoint to a meta parameter in the current model, which is a no-op. (Did you mean to pass `assign=True` to assign items in the state dictionary to their corresponding key in the module instead of copying them in place?)
    warnings.warn(

tests/test_end2end.py::TestEndToEnd::test_full_pipeline
tests/test_end2end.py::TestEndToEnd::test_json_output_format
tests/test_end2end.py::TestEndToEnd::test_confidence_threshold
tests/test_end2end.py::TestEndToEnd::test_text_block_confidence_mvp
tests/test_end2end.py::TestEndToEnd::test_markdown_generation
tests/test_end2end.py::TestEndToEnd::test_metrics_calculation
tests/test_end2end.py::TestEndToEnd::test_export_formats
  C:\Users\ADMIN\Documents\162-finalproj\doc_recon\.venv\Lib\site-packages\torch\nn\modules\module.py:2446: UserWarning: for layer2.0.bn1.weight: copying from a non-meta parameter in the checkpoint to a meta parameter in the current model, which is a no-op. (Did you mean to pass `assign=True` to assign items in the state dictionary to their corresponding key in the module instead of copying them in place?)
    warnings.warn(

tests/test_end2end.py::TestEndToEnd::test_full_pipeline
tests/test_end2end.py::TestEndToEnd::test_json_output_format
tests/test_end2end.py::TestEndToEnd::test_confidence_threshold
tests/test_end2end.py::TestEndToEnd::test_text_block_confidence_mvp
tests/test_end2end.py::TestEndToEnd::test_markdown_generation
tests/test_end2end.py::TestEndToEnd::test_metrics_calculation
tests/test_end2end.py::TestEndToEnd::test_export_formats
  C:\Users\ADMIN\Documents\162-finalproj\doc_recon\.venv\Lib\site-packages\torch\nn\modules\module.py:2446: UserWarning: for layer2.0.bn1.bias: copying from a non-meta parameter in the checkpoint to a meta parameter in the current model, which is a no-op. (Did you mean to pass `assign=True` to assign items in the state dictionary to their corresponding key in the module instead of copying them in place?)
    warnings.warn(

tests/test_end2end.py::TestEndToEnd::test_full_pipeline
tests/test_end2end.py::TestEndToEnd::test_json_output_format
tests/test_end2end.py::TestEndToEnd::test_confidence_threshold
tests/test_end2end.py::TestEndToEnd::test_text_block_confidence_mvp
tests/test_end2end.py::TestEndToEnd::test_markdown_generation
tests/test_end2end.py::TestEndToEnd::test_metrics_calculation
tests/test_end2end.py::TestEndToEnd::test_export_formats
  C:\Users\ADMIN\Documents\162-finalproj\doc_recon\.venv\Lib\site-packages\torch\nn\modules\module.py:2446: UserWarning: for layer2.0.conv2.weight: copying from a non-meta parameter in the checkpoint to a meta parameter in the current model, which is a no-op. (Did you mean to pass `assign=True` to assign items in the state dictionary to their corresponding key in the module instead of copying them in place?)
    warnings.warn(

tests/test_end2end.py::TestEndToEnd::test_full_pipeline
tests/test_end2end.py::TestEndToEnd::test_json_output_format
tests/test_end2end.py::TestEndToEnd::test_confidence_threshold
tests/test_end2end.py::TestEndToEnd::test_text_block_confidence_mvp
tests/test_end2end.py::TestEndToEnd::test_markdown_generation
tests/test_end2end.py::TestEndToEnd::test_metrics_calculation
tests/test_end2end.py::TestEndToEnd::test_export_formats
  C:\Users\ADMIN\Documents\162-finalproj\doc_recon\.venv\Lib\site-packages\torch\nn\modules\module.py:2446: UserWarning: for layer2.0.bn2.weight: copying from a non-meta parameter in the checkpoint to a meta parameter in the current model, which is a no-op. (Did you mean to pass `assign=True` to assign items in the state dictionary to their corresponding key in the module instead of copying them in place?)
    warnings.warn(

tests/test_end2end.py::TestEndToEnd::test_full_pipeline
tests/test_end2end.py::TestEndToEnd::test_json_output_format
tests/test_end2end.py::TestEndToEnd::test_confidence_threshold
tests/test_end2end.py::TestEndToEnd::test_text_block_confidence_mvp
tests/test_end2end.py::TestEndToEnd::test_markdown_generation
tests/test_end2end.py::TestEndToEnd::test_metrics_calculation
tests/test_end2end.py::TestEndToEnd::test_export_formats
  C:\Users\ADMIN\Documents\162-finalproj\doc_recon\.venv\Lib\site-packages\torch\nn\modules\module.py:2446: UserWarning: for layer2.0.bn2.bias: copying from a non-meta parameter in the checkpoint to a meta parameter in the current model, which is a no-op. (Did you mean to pass `assign=True` to assign items in the state dictionary to their corresponding key in the module instead of copying them in place?)
    warnings.warn(

tests/test_end2end.py::TestEndToEnd::test_full_pipeline
tests/test_end2end.py::TestEndToEnd::test_json_output_format
tests/test_end2end.py::TestEndToEnd::test_confidence_threshold
tests/test_end2end.py::TestEndToEnd::test_text_block_confidence_mvp
tests/test_end2end.py::TestEndToEnd::test_markdown_generation
tests/test_end2end.py::TestEndToEnd::test_metrics_calculation
tests/test_end2end.py::TestEndToEnd::test_export_formats
  C:\Users\ADMIN\Documents\162-finalproj\doc_recon\.venv\Lib\site-packages\torch\nn\modules\module.py:2446: UserWarning: for layer2.0.downsample.0.weight: copying from a non-meta parameter in the checkpoint to a meta parameter in the current model, which is a no-op. (Did you mean to pass `assign=True` to assign items in the state dictionary to their corresponding key in the module instead of copying them in place?)
    warnings.warn(

tests/test_end2end.py::TestEndToEnd::test_full_pipeline
tests/test_end2end.py::TestEndToEnd::test_json_output_format
tests/test_end2end.py::TestEndToEnd::test_confidence_threshold
tests/test_end2end.py::TestEndToEnd::test_text_block_confidence_mvp
tests/test_end2end.py::TestEndToEnd::test_markdown_generation
tests/test_end2end.py::TestEndToEnd::test_metrics_calculation
tests/test_end2end.py::TestEndToEnd::test_export_formats
  C:\Users\ADMIN\Documents\162-finalproj\doc_recon\.venv\Lib\site-packages\torch\nn\modules\module.py:2446: UserWarning: for layer2.0.downsample.1.weight: copying from a non-meta parameter in the checkpoint to a meta parameter in the current model, which is a no-op. (Did you mean to pass `assign=True` to assign items in the state dictionary to their corresponding key in the module instead of copying them in place?)
    warnings.warn(

tests/test_end2end.py::TestEndToEnd::test_full_pipeline
tests/test_end2end.py::TestEndToEnd::test_json_output_format
tests/test_end2end.py::TestEndToEnd::test_confidence_threshold
tests/test_end2end.py::TestEndToEnd::test_text_block_confidence_mvp
tests/test_end2end.py::TestEndToEnd::test_markdown_generation
tests/test_end2end.py::TestEndToEnd::test_metrics_calculation
tests/test_end2end.py::TestEndToEnd::test_export_formats
  C:\Users\ADMIN\Documents\162-finalproj\doc_recon\.venv\Lib\site-packages\torch\nn\modules\module.py:2446: UserWarning: for layer2.0.downsample.1.bias: copying from a non-meta parameter in the checkpoint to a meta parameter in the current model, which is a no-op. (Did you mean to pass `assign=True` to assign items in the state dictionary to their corresponding key in the module instead of copying them in place?)
    warnings.warn(

tests/test_end2end.py::TestEndToEnd::test_full_pipeline
tests/test_end2end.py::TestEndToEnd::test_json_output_format
tests/test_end2end.py::TestEndToEnd::test_confidence_threshold
tests/test_end2end.py::TestEndToEnd::test_text_block_confidence_mvp
tests/test_end2end.py::TestEndToEnd::test_markdown_generation
tests/test_end2end.py::TestEndToEnd::test_metrics_calculation
tests/test_end2end.py::TestEndToEnd::test_export_formats
  C:\Users\ADMIN\Documents\162-finalproj\doc_recon\.venv\Lib\site-packages\torch\nn\modules\module.py:2446: UserWarning: for layer2.1.conv1.weight: copying from a non-meta parameter in the checkpoint to a meta parameter in the current model, which is a no-op. (Did you mean to pass `assign=True` to assign items in the state dictionary to their corresponding key in the module instead of copying them in place?)
    warnings.warn(

tests/test_end2end.py::TestEndToEnd::test_full_pipeline
tests/test_end2end.py::TestEndToEnd::test_json_output_format
tests/test_end2end.py::TestEndToEnd::test_confidence_threshold
tests/test_end2end.py::TestEndToEnd::test_text_block_confidence_mvp
tests/test_end2end.py::TestEndToEnd::test_markdown_generation
tests/test_end2end.py::TestEndToEnd::test_metrics_calculation
tests/test_end2end.py::TestEndToEnd::test_export_formats
  C:\Users\ADMIN\Documents\162-finalproj\doc_recon\.venv\Lib\site-packages\torch\nn\modules\module.py:2446: UserWarning: for layer2.1.bn1.weight: copying from a non-meta parameter in the checkpoint to a meta parameter in the current model, which is a no-op. (Did you mean to pass `assign=True` to assign items in the state dictionary to their corresponding key in the module instead of copying them in place?)
    warnings.warn(

tests/test_end2end.py::TestEndToEnd::test_full_pipeline
tests/test_end2end.py::TestEndToEnd::test_json_output_format
tests/test_end2end.py::TestEndToEnd::test_confidence_threshold
tests/test_end2end.py::TestEndToEnd::test_text_block_confidence_mvp
tests/test_end2end.py::TestEndToEnd::test_markdown_generation
tests/test_end2end.py::TestEndToEnd::test_metrics_calculation
tests/test_end2end.py::TestEndToEnd::test_export_formats
  C:\Users\ADMIN\Documents\162-finalproj\doc_recon\.venv\Lib\site-packages\torch\nn\modules\module.py:2446: UserWarning: for layer2.1.bn1.bias: copying from a non-meta parameter in the checkpoint to a meta parameter in the current model, which is a no-op. (Did you mean to pass `assign=True` to assign items in the state dictionary to their corresponding key in the module instead of copying them in place?)
    warnings.warn(

tests/test_end2end.py::TestEndToEnd::test_full_pipeline
tests/test_end2end.py::TestEndToEnd::test_json_output_format
tests/test_end2end.py::TestEndToEnd::test_confidence_threshold
tests/test_end2end.py::TestEndToEnd::test_text_block_confidence_mvp
tests/test_end2end.py::TestEndToEnd::test_markdown_generation
tests/test_end2end.py::TestEndToEnd::test_metrics_calculation
tests/test_end2end.py::TestEndToEnd::test_export_formats
  C:\Users\ADMIN\Documents\162-finalproj\doc_recon\.venv\Lib\site-packages\torch\nn\modules\module.py:2446: UserWarning: for layer2.1.conv2.weight: copying from a non-meta parameter in the checkpoint to a meta parameter in the current model, which is a no-op. (Did you mean to pass `assign=True` to assign items in the state dictionary to their corresponding key in the module instead of copying them in place?)
    warnings.warn(

tests/test_end2end.py::TestEndToEnd::test_full_pipeline
tests/test_end2end.py::TestEndToEnd::test_json_output_format
tests/test_end2end.py::TestEndToEnd::test_confidence_threshold
tests/test_end2end.py::TestEndToEnd::test_text_block_confidence_mvp
tests/test_end2end.py::TestEndToEnd::test_markdown_generation
tests/test_end2end.py::TestEndToEnd::test_metrics_calculation
tests/test_end2end.py::TestEndToEnd::test_export_formats
  C:\Users\ADMIN\Documents\162-finalproj\doc_recon\.venv\Lib\site-packages\torch\nn\modules\module.py:2446: UserWarning: for layer2.1.bn2.weight: copying from a non-meta parameter in the checkpoint to a meta parameter in the current model, which is a no-op. (Did you mean to pass `assign=True` to assign items in the state dictionary to their corresponding key in the module instead of copying them in place?)
    warnings.warn(

tests/test_end2end.py::TestEndToEnd::test_full_pipeline
tests/test_end2end.py::TestEndToEnd::test_json_output_format
tests/test_end2end.py::TestEndToEnd::test_confidence_threshold
tests/test_end2end.py::TestEndToEnd::test_text_block_confidence_mvp
tests/test_end2end.py::TestEndToEnd::test_markdown_generation
tests/test_end2end.py::TestEndToEnd::test_metrics_calculation
tests/test_end2end.py::TestEndToEnd::test_export_formats
  C:\Users\ADMIN\Documents\162-finalproj\doc_recon\.venv\Lib\site-packages\torch\nn\modules\module.py:2446: UserWarning: for layer2.1.bn2.bias: copying from a non-meta parameter in the checkpoint to a meta parameter in the current model, which is a no-op. (Did you mean to pass `assign=True` to assign items in the state dictionary to their corresponding key in the module instead of copying them in place?)
    warnings.warn(

tests/test_end2end.py::TestEndToEnd::test_full_pipeline
tests/test_end2end.py::TestEndToEnd::test_json_output_format
tests/test_end2end.py::TestEndToEnd::test_confidence_threshold
tests/test_end2end.py::TestEndToEnd::test_text_block_confidence_mvp
tests/test_end2end.py::TestEndToEnd::test_markdown_generation
tests/test_end2end.py::TestEndToEnd::test_metrics_calculation
tests/test_end2end.py::TestEndToEnd::test_export_formats
  C:\Users\ADMIN\Documents\162-finalproj\doc_recon\.venv\Lib\site-packages\torch\nn\modules\module.py:2446: UserWarning: for layer3.0.conv1.weight: copying from a non-meta parameter in the checkpoint to a meta parameter in the current model, which is a no-op. (Did you mean to pass `assign=True` to assign items in the state dictionary to their corresponding key in the module instead of copying them in place?)
    warnings.warn(

tests/test_end2end.py::TestEndToEnd::test_full_pipeline
tests/test_end2end.py::TestEndToEnd::test_json_output_format
tests/test_end2end.py::TestEndToEnd::test_confidence_threshold
tests/test_end2end.py::TestEndToEnd::test_text_block_confidence_mvp
tests/test_end2end.py::TestEndToEnd::test_markdown_generation
tests/test_end2end.py::TestEndToEnd::test_metrics_calculation
tests/test_end2end.py::TestEndToEnd::test_export_formats
  C:\Users\ADMIN\Documents\162-finalproj\doc_recon\.venv\Lib\site-packages\torch\nn\modules\module.py:2446: UserWarning: for layer3.0.bn1.weight: copying from a non-meta parameter in the checkpoint to a meta parameter in the current model, which is a no-op. (Did you mean to pass `assign=True` to assign items in the state dictionary to their corresponding key in the module instead of copying them in place?)
    warnings.warn(

tests/test_end2end.py::TestEndToEnd::test_full_pipeline
tests/test_end2end.py::TestEndToEnd::test_json_output_format
tests/test_end2end.py::TestEndToEnd::test_confidence_threshold
tests/test_end2end.py::TestEndToEnd::test_text_block_confidence_mvp
tests/test_end2end.py::TestEndToEnd::test_markdown_generation
tests/test_end2end.py::TestEndToEnd::test_metrics_calculation
tests/test_end2end.py::TestEndToEnd::test_export_formats
  C:\Users\ADMIN\Documents\162-finalproj\doc_recon\.venv\Lib\site-packages\torch\nn\modules\module.py:2446: UserWarning: for layer3.0.bn1.bias: copying from a non-meta parameter in the checkpoint to a meta parameter in the current model, which is a no-op. (Did you mean to pass `assign=True` to assign items in the state dictionary to their corresponding key in the module instead of copying them in place?)
    warnings.warn(

tests/test_end2end.py::TestEndToEnd::test_full_pipeline
tests/test_end2end.py::TestEndToEnd::test_json_output_format
tests/test_end2end.py::TestEndToEnd::test_confidence_threshold
tests/test_end2end.py::TestEndToEnd::test_text_block_confidence_mvp
tests/test_end2end.py::TestEndToEnd::test_markdown_generation
tests/test_end2end.py::TestEndToEnd::test_metrics_calculation
tests/test_end2end.py::TestEndToEnd::test_export_formats
  C:\Users\ADMIN\Documents\162-finalproj\doc_recon\.venv\Lib\site-packages\torch\nn\modules\module.py:2446: UserWarning: for layer3.0.conv2.weight: copying from a non-meta parameter in the checkpoint to a meta parameter in the current model, which is a no-op. (Did you mean to pass `assign=True` to assign items in the state dictionary to their corresponding key in the module instead of copying them in place?)
    warnings.warn(

tests/test_end2end.py::TestEndToEnd::test_full_pipeline
tests/test_end2end.py::TestEndToEnd::test_json_output_format
tests/test_end2end.py::TestEndToEnd::test_confidence_threshold
tests/test_end2end.py::TestEndToEnd::test_text_block_confidence_mvp
tests/test_end2end.py::TestEndToEnd::test_markdown_generation
tests/test_end2end.py::TestEndToEnd::test_metrics_calculation
tests/test_end2end.py::TestEndToEnd::test_export_formats
  C:\Users\ADMIN\Documents\162-finalproj\doc_recon\.venv\Lib\site-packages\torch\nn\modules\module.py:2446: UserWarning: for layer3.0.bn2.weight: copying from a non-meta parameter in the checkpoint to a meta parameter in the current model, which is a no-op. (Did you mean to pass `assign=True` to assign items in the state dictionary to their corresponding key in the module instead of copying them in place?)
    warnings.warn(

tests/test_end2end.py::TestEndToEnd::test_full_pipeline
tests/test_end2end.py::TestEndToEnd::test_json_output_format
tests/test_end2end.py::TestEndToEnd::test_confidence_threshold
tests/test_end2end.py::TestEndToEnd::test_text_block_confidence_mvp
tests/test_end2end.py::TestEndToEnd::test_markdown_generation
tests/test_end2end.py::TestEndToEnd::test_metrics_calculation
tests/test_end2end.py::TestEndToEnd::test_export_formats
  C:\Users\ADMIN\Documents\162-finalproj\doc_recon\.venv\Lib\site-packages\torch\nn\modules\module.py:2446: UserWarning: for layer3.0.bn2.bias: copying from a non-meta parameter in the checkpoint to a meta parameter in the current model, which is a no-op. (Did you mean to pass `assign=True` to assign items in the state dictionary to their corresponding key in the module instead of copying them in place?)
    warnings.warn(

tests/test_end2end.py::TestEndToEnd::test_full_pipeline
tests/test_end2end.py::TestEndToEnd::test_json_output_format
tests/test_end2end.py::TestEndToEnd::test_confidence_threshold
tests/test_end2end.py::TestEndToEnd::test_text_block_confidence_mvp
tests/test_end2end.py::TestEndToEnd::test_markdown_generation
tests/test_end2end.py::TestEndToEnd::test_metrics_calculation
tests/test_end2end.py::TestEndToEnd::test_export_formats
  C:\Users\ADMIN\Documents\162-finalproj\doc_recon\.venv\Lib\site-packages\torch\nn\modules\module.py:2446: UserWarning: for layer3.0.downsample.0.weight: copying from a non-meta parameter in the checkpoint to a meta parameter in the current model, which is a no-op. (Did you mean to pass `assign=True` to assign items in the state dictionary to their corresponding key in the module instead of copying them in place?)
    warnings.warn(

tests/test_end2end.py::TestEndToEnd::test_full_pipeline
tests/test_end2end.py::TestEndToEnd::test_json_output_format
tests/test_end2end.py::TestEndToEnd::test_confidence_threshold
tests/test_end2end.py::TestEndToEnd::test_text_block_confidence_mvp
tests/test_end2end.py::TestEndToEnd::test_markdown_generation
tests/test_end2end.py::TestEndToEnd::test_metrics_calculation
tests/test_end2end.py::TestEndToEnd::test_export_formats
  C:\Users\ADMIN\Documents\162-finalproj\doc_recon\.venv\Lib\site-packages\torch\nn\modules\module.py:2446: UserWarning: for layer3.0.downsample.1.weight: copying from a non-meta parameter in the checkpoint to a meta parameter in the current model, which is a no-op. (Did you mean to pass `assign=True` to assign items in the state dictionary to their corresponding key in the module instead of copying them in place?)
    warnings.warn(

tests/test_end2end.py::TestEndToEnd::test_full_pipeline
tests/test_end2end.py::TestEndToEnd::test_json_output_format
tests/test_end2end.py::TestEndToEnd::test_confidence_threshold
tests/test_end2end.py::TestEndToEnd::test_text_block_confidence_mvp
tests/test_end2end.py::TestEndToEnd::test_markdown_generation
tests/test_end2end.py::TestEndToEnd::test_metrics_calculation
tests/test_end2end.py::TestEndToEnd::test_export_formats
  C:\Users\ADMIN\Documents\162-finalproj\doc_recon\.venv\Lib\site-packages\torch\nn\modules\module.py:2446: UserWarning: for layer3.0.downsample.1.bias: copying from a non-meta parameter in the checkpoint to a meta parameter in the current model, which is a no-op. (Did you mean to pass `assign=True` to assign items in the state dictionary to their corresponding key in the module instead of copying them in place?)
    warnings.warn(

tests/test_end2end.py::TestEndToEnd::test_full_pipeline
tests/test_end2end.py::TestEndToEnd::test_json_output_format
tests/test_end2end.py::TestEndToEnd::test_confidence_threshold
tests/test_end2end.py::TestEndToEnd::test_text_block_confidence_mvp
tests/test_end2end.py::TestEndToEnd::test_markdown_generation
tests/test_end2end.py::TestEndToEnd::test_metrics_calculation
tests/test_end2end.py::TestEndToEnd::test_export_formats
  C:\Users\ADMIN\Documents\162-finalproj\doc_recon\.venv\Lib\site-packages\torch\nn\modules\module.py:2446: UserWarning: for layer3.1.conv1.weight: copying from a non-meta parameter in the checkpoint to a meta parameter in the current model, which is a no-op. (Did you mean to pass `assign=True` to assign items in the state dictionary to their corresponding key in the module instead of copying them in place?)
    warnings.warn(

tests/test_end2end.py::TestEndToEnd::test_full_pipeline
tests/test_end2end.py::TestEndToEnd::test_json_output_format
tests/test_end2end.py::TestEndToEnd::test_confidence_threshold
tests/test_end2end.py::TestEndToEnd::test_text_block_confidence_mvp
tests/test_end2end.py::TestEndToEnd::test_markdown_generation
tests/test_end2end.py::TestEndToEnd::test_metrics_calculation
tests/test_end2end.py::TestEndToEnd::test_export_formats
  C:\Users\ADMIN\Documents\162-finalproj\doc_recon\.venv\Lib\site-packages\torch\nn\modules\module.py:2446: UserWarning: for layer3.1.bn1.weight: copying from a non-meta parameter in the checkpoint to a meta parameter in the current model, which is a no-op. (Did you mean to pass `assign=True` to assign items in the state dictionary to their corresponding key in the module instead of copying them in place?)
    warnings.warn(

tests/test_end2end.py::TestEndToEnd::test_full_pipeline
tests/test_end2end.py::TestEndToEnd::test_json_output_format
tests/test_end2end.py::TestEndToEnd::test_confidence_threshold
tests/test_end2end.py::TestEndToEnd::test_text_block_confidence_mvp
tests/test_end2end.py::TestEndToEnd::test_markdown_generation
tests/test_end2end.py::TestEndToEnd::test_metrics_calculation
tests/test_end2end.py::TestEndToEnd::test_export_formats
  C:\Users\ADMIN\Documents\162-finalproj\doc_recon\.venv\Lib\site-packages\torch\nn\modules\module.py:2446: UserWarning: for layer3.1.bn1.bias: copying from a non-meta parameter in the checkpoint to a meta parameter in the current model, which is a no-op. (Did you mean to pass `assign=True` to assign items in the state dictionary to their corresponding key in the module instead of copying them in place?)
    warnings.warn(

tests/test_end2end.py::TestEndToEnd::test_full_pipeline
tests/test_end2end.py::TestEndToEnd::test_json_output_format
tests/test_end2end.py::TestEndToEnd::test_confidence_threshold
tests/test_end2end.py::TestEndToEnd::test_text_block_confidence_mvp
tests/test_end2end.py::TestEndToEnd::test_markdown_generation
tests/test_end2end.py::TestEndToEnd::test_metrics_calculation
tests/test_end2end.py::TestEndToEnd::test_export_formats
  C:\Users\ADMIN\Documents\162-finalproj\doc_recon\.venv\Lib\site-packages\torch\nn\modules\module.py:2446: UserWarning: for layer3.1.conv2.weight: copying from a non-meta parameter in the checkpoint to a meta parameter in the current model, which is a no-op. (Did you mean to pass `assign=True` to assign items in the state dictionary to their corresponding key in the module instead of copying them in place?)
    warnings.warn(

tests/test_end2end.py::TestEndToEnd::test_full_pipeline
tests/test_end2end.py::TestEndToEnd::test_json_output_format
tests/test_end2end.py::TestEndToEnd::test_confidence_threshold
tests/test_end2end.py::TestEndToEnd::test_text_block_confidence_mvp
tests/test_end2end.py::TestEndToEnd::test_markdown_generation
tests/test_end2end.py::TestEndToEnd::test_metrics_calculation
tests/test_end2end.py::TestEndToEnd::test_export_formats
  C:\Users\ADMIN\Documents\162-finalproj\doc_recon\.venv\Lib\site-packages\torch\nn\modules\module.py:2446: UserWarning: for layer3.1.bn2.weight: copying from a non-meta parameter in the checkpoint to a meta parameter in the current model, which is a no-op. (Did you mean to pass `assign=True` to assign items in the state dictionary to their corresponding key in the module instead of copying them in place?)
    warnings.warn(

tests/test_end2end.py::TestEndToEnd::test_full_pipeline
tests/test_end2end.py::TestEndToEnd::test_json_output_format
tests/test_end2end.py::TestEndToEnd::test_confidence_threshold
tests/test_end2end.py::TestEndToEnd::test_text_block_confidence_mvp
tests/test_end2end.py::TestEndToEnd::test_markdown_generation
tests/test_end2end.py::TestEndToEnd::test_metrics_calculation
tests/test_end2end.py::TestEndToEnd::test_export_formats
  C:\Users\ADMIN\Documents\162-finalproj\doc_recon\.venv\Lib\site-packages\torch\nn\modules\module.py:2446: UserWarning: for layer3.1.bn2.bias: copying from a non-meta parameter in the checkpoint to a meta parameter in the current model, which is a no-op. (Did you mean to pass `assign=True` to assign items in the state dictionary to their corresponding key in the module instead of copying them in place?)
    warnings.warn(

tests/test_end2end.py::TestEndToEnd::test_full_pipeline
tests/test_end2end.py::TestEndToEnd::test_json_output_format
tests/test_end2end.py::TestEndToEnd::test_confidence_threshold
tests/test_end2end.py::TestEndToEnd::test_text_block_confidence_mvp
tests/test_end2end.py::TestEndToEnd::test_markdown_generation
tests/test_end2end.py::TestEndToEnd::test_metrics_calculation
tests/test_end2end.py::TestEndToEnd::test_export_formats
  C:\Users\ADMIN\Documents\162-finalproj\doc_recon\.venv\Lib\site-packages\torch\nn\modules\module.py:2446: UserWarning: for layer4.0.conv1.weight: copying from a non-meta parameter in the checkpoint to a meta parameter in the current model, which is a no-op. (Did you mean to pass `assign=True` to assign items in the state dictionary to their corresponding key in the module instead of copying them in place?)
    warnings.warn(

tests/test_end2end.py::TestEndToEnd::test_full_pipeline
tests/test_end2end.py::TestEndToEnd::test_json_output_format
tests/test_end2end.py::TestEndToEnd::test_confidence_threshold
tests/test_end2end.py::TestEndToEnd::test_text_block_confidence_mvp
tests/test_end2end.py::TestEndToEnd::test_markdown_generation
tests/test_end2end.py::TestEndToEnd::test_metrics_calculation
tests/test_end2end.py::TestEndToEnd::test_export_formats
  C:\Users\ADMIN\Documents\162-finalproj\doc_recon\.venv\Lib\site-packages\torch\nn\modules\module.py:2446: UserWarning: for layer4.0.bn1.weight: copying from a non-meta parameter in the checkpoint to a meta parameter in the current model, which is a no-op. (Did you mean to pass `assign=True` to assign items in the state dictionary to their corresponding key in the module instead of copying them in place?)
    warnings.warn(

tests/test_end2end.py::TestEndToEnd::test_full_pipeline
tests/test_end2end.py::TestEndToEnd::test_json_output_format
tests/test_end2end.py::TestEndToEnd::test_confidence_threshold
tests/test_end2end.py::TestEndToEnd::test_text_block_confidence_mvp
tests/test_end2end.py::TestEndToEnd::test_markdown_generation
tests/test_end2end.py::TestEndToEnd::test_metrics_calculation
tests/test_end2end.py::TestEndToEnd::test_export_formats
  C:\Users\ADMIN\Documents\162-finalproj\doc_recon\.venv\Lib\site-packages\torch\nn\modules\module.py:2446: UserWarning: for layer4.0.bn1.bias: copying from a non-meta parameter in the checkpoint to a meta parameter in the current model, which is a no-op. (Did you mean to pass `assign=True` to assign items in the state dictionary to their corresponding key in the module instead of copying them in place?)
    warnings.warn(

tests/test_end2end.py::TestEndToEnd::test_full_pipeline
tests/test_end2end.py::TestEndToEnd::test_json_output_format
tests/test_end2end.py::TestEndToEnd::test_confidence_threshold
tests/test_end2end.py::TestEndToEnd::test_text_block_confidence_mvp
tests/test_end2end.py::TestEndToEnd::test_markdown_generation
tests/test_end2end.py::TestEndToEnd::test_metrics_calculation
tests/test_end2end.py::TestEndToEnd::test_export_formats
  C:\Users\ADMIN\Documents\162-finalproj\doc_recon\.venv\Lib\site-packages\torch\nn\modules\module.py:2446: UserWarning: for layer4.0.conv2.weight: copying from a non-meta parameter in the checkpoint to a meta parameter in the current model, which is a no-op. (Did you mean to pass `assign=True` to assign items in the state dictionary to their corresponding key in the module instead of copying them in place?)
    warnings.warn(

tests/test_end2end.py::TestEndToEnd::test_full_pipeline
tests/test_end2end.py::TestEndToEnd::test_json_output_format
tests/test_end2end.py::TestEndToEnd::test_confidence_threshold
tests/test_end2end.py::TestEndToEnd::test_text_block_confidence_mvp
tests/test_end2end.py::TestEndToEnd::test_markdown_generation
tests/test_end2end.py::TestEndToEnd::test_metrics_calculation
tests/test_end2end.py::TestEndToEnd::test_export_formats
  C:\Users\ADMIN\Documents\162-finalproj\doc_recon\.venv\Lib\site-packages\torch\nn\modules\module.py:2446: UserWarning: for layer4.0.bn2.weight: copying from a non-meta parameter in the checkpoint to a meta parameter in the current model, which is a no-op. (Did you mean to pass `assign=True` to assign items in the state dictionary to their corresponding key in the module instead of copying them in place?)
    warnings.warn(

tests/test_end2end.py::TestEndToEnd::test_full_pipeline
tests/test_end2end.py::TestEndToEnd::test_json_output_format
tests/test_end2end.py::TestEndToEnd::test_confidence_threshold
tests/test_end2end.py::TestEndToEnd::test_text_block_confidence_mvp
tests/test_end2end.py::TestEndToEnd::test_markdown_generation
tests/test_end2end.py::TestEndToEnd::test_metrics_calculation
tests/test_end2end.py::TestEndToEnd::test_export_formats
  C:\Users\ADMIN\Documents\162-finalproj\doc_recon\.venv\Lib\site-packages\torch\nn\modules\module.py:2446: UserWarning: for layer4.0.bn2.bias: copying from a non-meta parameter in the checkpoint to a meta parameter in the current model, which is a no-op. (Did you mean to pass `assign=True` to assign items in the state dictionary to their corresponding key in the module instead of copying them in place?)
    warnings.warn(

tests/test_end2end.py::TestEndToEnd::test_full_pipeline
tests/test_end2end.py::TestEndToEnd::test_json_output_format
tests/test_end2end.py::TestEndToEnd::test_confidence_threshold
tests/test_end2end.py::TestEndToEnd::test_text_block_confidence_mvp
tests/test_end2end.py::TestEndToEnd::test_markdown_generation
tests/test_end2end.py::TestEndToEnd::test_metrics_calculation
tests/test_end2end.py::TestEndToEnd::test_export_formats
  C:\Users\ADMIN\Documents\162-finalproj\doc_recon\.venv\Lib\site-packages\torch\nn\modules\module.py:2446: UserWarning: for layer4.0.downsample.0.weight: copying from a non-meta parameter in the checkpoint to a meta parameter in the current model, which is a no-op. (Did you mean to pass `assign=True` to assign items in the state dictionary to their corresponding key in the module instead of copying them in place?)
    warnings.warn(

tests/test_end2end.py::TestEndToEnd::test_full_pipeline
tests/test_end2end.py::TestEndToEnd::test_json_output_format
tests/test_end2end.py::TestEndToEnd::test_confidence_threshold
tests/test_end2end.py::TestEndToEnd::test_text_block_confidence_mvp
tests/test_end2end.py::TestEndToEnd::test_markdown_generation
tests/test_end2end.py::TestEndToEnd::test_metrics_calculation
tests/test_end2end.py::TestEndToEnd::test_export_formats
  C:\Users\ADMIN\Documents\162-finalproj\doc_recon\.venv\Lib\site-packages\torch\nn\modules\module.py:2446: UserWarning: for layer4.0.downsample.1.weight: copying from a non-meta parameter in the checkpoint to a meta parameter in the current model, which is a no-op. (Did you mean to pass `assign=True` to assign items in the state dictionary to their corresponding key in the module instead of copying them in place?)
    warnings.warn(

tests/test_end2end.py::TestEndToEnd::test_full_pipeline
tests/test_end2end.py::TestEndToEnd::test_json_output_format
tests/test_end2end.py::TestEndToEnd::test_confidence_threshold
tests/test_end2end.py::TestEndToEnd::test_text_block_confidence_mvp
tests/test_end2end.py::TestEndToEnd::test_markdown_generation
tests/test_end2end.py::TestEndToEnd::test_metrics_calculation
tests/test_end2end.py::TestEndToEnd::test_export_formats
  C:\Users\ADMIN\Documents\162-finalproj\doc_recon\.venv\Lib\site-packages\torch\nn\modules\module.py:2446: UserWarning: for layer4.0.downsample.1.bias: copying from a non-meta parameter in the checkpoint to a meta parameter in the current model, which is a no-op. (Did you mean to pass `assign=True` to assign items in the state dictionary to their corresponding key in the module instead of copying them in place?)
    warnings.warn(

tests/test_end2end.py::TestEndToEnd::test_full_pipeline
tests/test_end2end.py::TestEndToEnd::test_json_output_format
tests/test_end2end.py::TestEndToEnd::test_confidence_threshold
tests/test_end2end.py::TestEndToEnd::test_text_block_confidence_mvp
tests/test_end2end.py::TestEndToEnd::test_markdown_generation
tests/test_end2end.py::TestEndToEnd::test_metrics_calculation
tests/test_end2end.py::TestEndToEnd::test_export_formats
  C:\Users\ADMIN\Documents\162-finalproj\doc_recon\.venv\Lib\site-packages\torch\nn\modules\module.py:2446: UserWarning: for layer4.1.conv1.weight: copying from a non-meta parameter in the checkpoint to a meta parameter in the current model, which is a no-op. (Did you mean to pass `assign=True` to assign items in the state dictionary to their corresponding key in the module instead of copying them in place?)
    warnings.warn(

tests/test_end2end.py::TestEndToEnd::test_full_pipeline
tests/test_end2end.py::TestEndToEnd::test_json_output_format
tests/test_end2end.py::TestEndToEnd::test_confidence_threshold
tests/test_end2end.py::TestEndToEnd::test_text_block_confidence_mvp
tests/test_end2end.py::TestEndToEnd::test_markdown_generation
tests/test_end2end.py::TestEndToEnd::test_metrics_calculation
tests/test_end2end.py::TestEndToEnd::test_export_formats
  C:\Users\ADMIN\Documents\162-finalproj\doc_recon\.venv\Lib\site-packages\torch\nn\modules\module.py:2446: UserWarning: for layer4.1.bn1.weight: copying from a non-meta parameter in the checkpoint to a meta parameter in the current model, which is a no-op. (Did you mean to pass `assign=True` to assign items in the state dictionary to their corresponding key in the module instead of copying them in place?)
    warnings.warn(

tests/test_end2end.py::TestEndToEnd::test_full_pipeline
tests/test_end2end.py::TestEndToEnd::test_json_output_format
tests/test_end2end.py::TestEndToEnd::test_confidence_threshold
tests/test_end2end.py::TestEndToEnd::test_text_block_confidence_mvp
tests/test_end2end.py::TestEndToEnd::test_markdown_generation
tests/test_end2end.py::TestEndToEnd::test_metrics_calculation
tests/test_end2end.py::TestEndToEnd::test_export_formats
  C:\Users\ADMIN\Documents\162-finalproj\doc_recon\.venv\Lib\site-packages\torch\nn\modules\module.py:2446: UserWarning: for layer4.1.bn1.bias: copying from a non-meta parameter in the checkpoint to a meta parameter in the current model, which is a no-op. (Did you mean to pass `assign=True` to assign items in the state dictionary to their corresponding key in the module instead of copying them in place?)
    warnings.warn(

tests/test_end2end.py::TestEndToEnd::test_full_pipeline
tests/test_end2end.py::TestEndToEnd::test_json_output_format
tests/test_end2end.py::TestEndToEnd::test_confidence_threshold
tests/test_end2end.py::TestEndToEnd::test_text_block_confidence_mvp
tests/test_end2end.py::TestEndToEnd::test_markdown_generation
tests/test_end2end.py::TestEndToEnd::test_metrics_calculation
tests/test_end2end.py::TestEndToEnd::test_export_formats
  C:\Users\ADMIN\Documents\162-finalproj\doc_recon\.venv\Lib\site-packages\torch\nn\modules\module.py:2446: UserWarning: for layer4.1.conv2.weight: copying from a non-meta parameter in the checkpoint to a meta parameter in the current model, which is a no-op. (Did you mean to pass `assign=True` to assign items in the state dictionary to their corresponding key in the module instead of copying them in place?)
    warnings.warn(

tests/test_end2end.py::TestEndToEnd::test_full_pipeline
tests/test_end2end.py::TestEndToEnd::test_json_output_format
tests/test_end2end.py::TestEndToEnd::test_confidence_threshold
tests/test_end2end.py::TestEndToEnd::test_text_block_confidence_mvp
tests/test_end2end.py::TestEndToEnd::test_markdown_generation
tests/test_end2end.py::TestEndToEnd::test_metrics_calculation
tests/test_end2end.py::TestEndToEnd::test_export_formats
  C:\Users\ADMIN\Documents\162-finalproj\doc_recon\.venv\Lib\site-packages\torch\nn\modules\module.py:2446: UserWarning: for layer4.1.bn2.weight: copying from a non-meta parameter in the checkpoint to a meta parameter in the current model, which is a no-op. (Did you mean to pass `assign=True` to assign items in the state dictionary to their corresponding key in the module instead of copying them in place?)
    warnings.warn(

tests/test_end2end.py::TestEndToEnd::test_full_pipeline
tests/test_end2end.py::TestEndToEnd::test_json_output_format
tests/test_end2end.py::TestEndToEnd::test_confidence_threshold
tests/test_end2end.py::TestEndToEnd::test_text_block_confidence_mvp
tests/test_end2end.py::TestEndToEnd::test_markdown_generation
tests/test_end2end.py::TestEndToEnd::test_metrics_calculation
tests/test_end2end.py::TestEndToEnd::test_export_formats
  C:\Users\ADMIN\Documents\162-finalproj\doc_recon\.venv\Lib\site-packages\torch\nn\modules\module.py:2446: UserWarning: for layer4.1.bn2.bias: copying from a non-meta parameter in the checkpoint to a meta parameter in the current model, which is a no-op. (Did you mean to pass `assign=True` to assign items in the state dictionary to their corresponding key in the module instead of copying them in place?)
    warnings.warn(

tests/test_end2end.py::TestMultiPageDocument::test_multi_page_processing
  C:\Users\ADMIN\Documents\162-finalproj\doc_recon\.venv\Lib\site-packages\torch\utils\data\dataloader.py:668: UserWarning: 'pin_memory' argument is set as true but no accelerator is found, then device pinned memory won't be used.
    warnings.warn(warn_msg)

-- Docs: https://docs.pytest.org/en/stable/how-to/capture-warnings.html
=========================== short test summary info ===========================
FAILED tests/test_ocr_math.py::TestMathOCR::test_math_ocr_init_simple - Value...
FAILED tests/test_ocr_math.py::TestMathOCR::test_recognize_small_image - Valu...
FAILED tests/test_ocr_math.py::TestMathpixRecognizer::test_mathpix_requires_credentials
FAILED tests/test_preprocessing.py::TestPreprocessing::test_deskew_skewed_image
=========== 4 failed, 71 passed, 471 warnings in 222.69s (0:03:42) ============
